<?xml version="1.0" encoding="UTF-8"?>
<testng-results ignored="0" total="1" passed="1" failed="0" skipped="0">
  <reporter-output>
  </reporter-output>
  <suite started-at="2022-08-19T17:35:06 IST" name="Default suite" finished-at="2022-08-19T17:35:09 IST" duration-ms="3225">
    <groups>
    </groups>
    <test started-at="2022-08-19T17:35:06 IST" name="Default test" finished-at="2022-08-19T17:35:09 IST" duration-ms="3225">
      <class name="Test.RegisterTest">
        <test-method is-config="true" signature="Precondition()[pri:0, instance:Test.RegisterTest@11bd0f3b]" started-at="2022-08-19T17:35:06 IST" name="Precondition" finished-at="2022-08-19T17:35:07 IST" duration-ms="1203" status="PASS">
          <reporter-output>
          </reporter-output>
        </test-method> <!-- Precondition -->
        <test-method signature="Registersuccessfull()[pri:0, instance:Test.RegisterTest@11bd0f3b]" started-at="2022-08-19T17:35:07 IST" name="Registersuccessfull" finished-at="2022-08-19T17:35:09 IST" duration-ms="1999" status="PASS">
          <reporter-output>
          </reporter-output>
        </test-method> <!-- Registersuccessfull -->
      </class> <!-- Test.RegisterTest -->
    </test> <!-- Default test -->
  </suite> <!-- Default suite -->
</testng-results>
